[12-Nov-25 02:00:16 PM - INFO] - <module>() - Line 1048: __main__ - Media Downloader Pro - Bot Starting
[12-Nov-25 02:00:46 PM - INFO] - handle_download() - Line 405: __main__ - [2025-11-12 14:00:46] Download requested: https://t.me/banking_batch_by_Adda247/23
[12-Nov-25 02:07:05 PM - INFO] - _send_single_request() - Line 1025: httpx - HTTP Request: POST https://api.openai.com/v1/chat/completions "HTTP/1.1 401 Unauthorized"
[12-Nov-25 02:09:02 PM - WARNING] - write() - Line 352: asyncio - socket.send() raised exception.
[12-Nov-25 02:09:02 PM - ERROR] - default_exception_handler() - Line 1785: asyncio - Task exception was never retrieved
future: <Task finished name='Task-42695' coro=<Session.restart() done, defined at C:\Users\asus\Downloads\uploderclone\venv\Lib\site-packages\pyrogram\session\session.py:188> exception=RuntimeError('read() called while another coroutine is already waiting for incoming data')>
Traceback (most recent call last):
  File "C:\Users\asus\Downloads\uploderclone\venv\Lib\site-packages\pyrogram\session\session.py", line 189, in restart
    await self.stop()
  File "C:\Users\asus\Downloads\uploderclone\venv\Lib\site-packages\pyrogram\session\session.py", line 178, in stop
    await self.recv_task
  File "C:\Users\asus\Downloads\uploderclone\venv\Lib\site-packages\pyrogram\session\session.py", line 311, in recv_worker
    packet = await self.connection.recv()
             ^^^^^^^^^^^^^^^^^^^^^^^^^^^^
  File "C:\Users\asus\Downloads\uploderclone\venv\Lib\site-packages\pyrogram\connection\connection.py", line 84, in recv
    return await self.protocol.recv()
           ^^^^^^^^^^^^^^^^^^^^^^^^^^
  File "C:\Users\asus\Downloads\uploderclone\venv\Lib\site-packages\pyrogram\connection\transport\tcp\tcp_abridged.py", line 47, in recv
    length = await super().recv(1)
             ^^^^^^^^^^^^^^^^^^^^^
  File "C:\Users\asus\Downloads\uploderclone\venv\Lib\site-packages\pyrogram\connection\transport\tcp\tcp.py", line 156, in recv
    chunk = await asyncio.wait_for(
            ^^^^^^^^^^^^^^^^^^^^^^^
  File "C:\Users\asus\AppData\Local\Programs\Python\Python311\Lib\asyncio\tasks.py", line 489, in wait_for
    return fut.result()
           ^^^^^^^^^^^^
  File "C:\Users\asus\AppData\Local\Programs\Python\Python311\Lib\asyncio\streams.py", line 711, in read
    await self._wait_for_data('read')
  File "C:\Users\asus\AppData\Local\Programs\Python\Python311\Lib\asyncio\streams.py", line 529, in _wait_for_data
    raise RuntimeError(
RuntimeError: read() called while another coroutine is already waiting for incoming data
[12-Nov-25 02:09:04 PM - ERROR] - default_exception_handler() - Line 1785: asyncio - Task exception was never retrieved
future: <Task finished name='Task-42518' coro=<Session.restart() done, defined at C:\Users\asus\Downloads\uploderclone\venv\Lib\site-packages\pyrogram\session\session.py:188> exception=RuntimeError('read() called while another coroutine is already waiting for incoming data')>
Traceback (most recent call last):
  File "C:\Users\asus\Downloads\uploderclone\venv\Lib\site-packages\pyrogram\session\session.py", line 126, in start
    await self.send(
  File "C:\Users\asus\Downloads\uploderclone\venv\Lib\site-packages\pyrogram\session\session.py", line 371, in send
    raise TimeoutError("Request timed out")
TimeoutError: Request timed out

During handling of the above exception, another exception occurred:

Traceback (most recent call last):
  File "C:\Users\asus\Downloads\uploderclone\venv\Lib\site-packages\pyrogram\session\session.py", line 190, in restart
    await self.start()
  File "C:\Users\asus\Downloads\uploderclone\venv\Lib\site-packages\pyrogram\session\session.py", line 152, in start
    await self.stop()
  File "C:\Users\asus\Downloads\uploderclone\venv\Lib\site-packages\pyrogram\session\session.py", line 178, in stop
    await self.recv_task
RuntimeError: read() called while another coroutine is already waiting for incoming data
[12-Nov-25 02:09:33 PM - WARNING] - write() - Line 352: asyncio - socket.send() raised exception.
[12-Nov-25 02:09:33 PM - WARNING] - write() - Line 352: asyncio - socket.send() raised exception.
[12-Nov-25 02:09:40 PM - WARNING] - write() - Line 352: asyncio - socket.send() raised exception.
[12-Nov-25 02:09:40 PM - WARNING] - write() - Line 352: asyncio - socket.send() raised exception.
[12-Nov-25 02:09:48 PM - WARNING] - write() - Line 352: asyncio - socket.send() raised exception.
[12-Nov-25 02:09:49 PM - WARNING] - write() - Line 352: asyncio - socket.send() raised exception.
[12-Nov-25 02:09:56 PM - WARNING] - write() - Line 352: asyncio - socket.send() raised exception.
[12-Nov-25 02:09:56 PM - WARNING] - write() - Line 352: asyncio - socket.send() raised exception.
[12-Nov-25 02:10:04 PM - WARNING] - write() - Line 352: asyncio - socket.send() raised exception.
[12-Nov-25 02:10:05 PM - WARNING] - write() - Line 352: asyncio - socket.send() raised exception.
[12-Nov-25 02:10:11 PM - WARNING] - write() - Line 352: asyncio - socket.send() raised exception.
[12-Nov-25 02:10:11 PM - WARNING] - write() - Line 352: asyncio - socket.send() raised exception.
[12-Nov-25 02:10:20 PM - WARNING] - write() - Line 352: asyncio - socket.send() raised exception.
[12-Nov-25 02:10:20 PM - WARNING] - write() - Line 352: asyncio - socket.send() raised exception.
[12-Nov-25 02:10:27 PM - WARNING] - write() - Line 352: asyncio - socket.send() raised exception.
[12-Nov-25 02:10:27 PM - WARNING] - write() - Line 352: asyncio - socket.send() raised exception.
[12-Nov-25 02:10:35 PM - WARNING] - write() - Line 352: asyncio - socket.send() raised exception.
[12-Nov-25 02:10:36 PM - WARNING] - write() - Line 352: asyncio - socket.send() raised exception.
[12-Nov-25 02:10:42 PM - WARNING] - write() - Line 352: asyncio - socket.send() raised exception.
[12-Nov-25 02:10:42 PM - WARNING] - write() - Line 352: asyncio - socket.send() raised exception.
[12-Nov-25 02:10:51 PM - WARNING] - write() - Line 352: asyncio - socket.send() raised exception.
[12-Nov-25 02:10:51 PM - WARNING] - write() - Line 352: asyncio - socket.send() raised exception.
[12-Nov-25 02:10:58 PM - WARNING] - write() - Line 352: asyncio - socket.send() raised exception.
[12-Nov-25 02:10:58 PM - WARNING] - write() - Line 352: asyncio - socket.send() raised exception.
[12-Nov-25 02:11:06 PM - WARNING] - write() - Line 352: asyncio - socket.send() raised exception.
[12-Nov-25 02:11:07 PM - WARNING] - write() - Line 352: asyncio - socket.send() raised exception.
[12-Nov-25 02:11:13 PM - WARNING] - write() - Line 352: asyncio - socket.send() raised exception.
[12-Nov-25 02:11:13 PM - WARNING] - write() - Line 352: asyncio - socket.send() raised exception.
[12-Nov-25 02:11:22 PM - WARNING] - write() - Line 352: asyncio - socket.send() raised exception.
[12-Nov-25 02:11:22 PM - WARNING] - write() - Line 352: asyncio - socket.send() raised exception.
[12-Nov-25 02:11:22 PM - ERROR] - worker() - Line 111: pyrogram.methods.advanced.save_file - [WinError 1236] The network connection was aborted by the local system
Traceback (most recent call last):
  File "C:\Users\asus\Downloads\uploderclone\venv\Lib\site-packages\pyrogram\methods\advanced\save_file.py", line 109, in worker
    await session.invoke(data)
  File "C:\Users\asus\Downloads\uploderclone\venv\Lib\site-packages\pyrogram\session\session.py", line 443, in invoke
    return await self.invoke(query, retries - 1, timeout)
           ^^^^^^^^^^^^^^^^^^^^^^^^^^^^^^^^^^^^^^^^^^^^^^
  File "C:\Users\asus\Downloads\uploderclone\venv\Lib\site-packages\pyrogram\session\session.py", line 443, in invoke
    return await self.invoke(query, retries - 1, timeout)
           ^^^^^^^^^^^^^^^^^^^^^^^^^^^^^^^^^^^^^^^^^^^^^^
  File "C:\Users\asus\Downloads\uploderclone\venv\Lib\site-packages\pyrogram\session\session.py", line 443, in invoke
    return await self.invoke(query, retries - 1, timeout)
           ^^^^^^^^^^^^^^^^^^^^^^^^^^^^^^^^^^^^^^^^^^^^^^
  [Previous line repeated 7 more times]
  File "C:\Users\asus\Downloads\uploderclone\venv\Lib\site-packages\pyrogram\session\session.py", line 433, in invoke
    raise e from None
  File "C:\Users\asus\Downloads\uploderclone\venv\Lib\site-packages\pyrogram\session\session.py", line 420, in invoke
    return await self.send(query, timeout=timeout)
           ^^^^^^^^^^^^^^^^^^^^^^^^^^^^^^^^^^^^^^^
  File "C:\Users\asus\Downloads\uploderclone\venv\Lib\site-packages\pyrogram\session\session.py", line 360, in send
    raise e
  File "C:\Users\asus\Downloads\uploderclone\venv\Lib\site-packages\pyrogram\session\session.py", line 357, in send
    await self.connection.send(payload)
  File "C:\Users\asus\Downloads\uploderclone\venv\Lib\site-packages\pyrogram\connection\connection.py", line 81, in send
    await self.protocol.send(data)
  File "C:\Users\asus\Downloads\uploderclone\venv\Lib\site-packages\pyrogram\connection\transport\tcp\tcp_abridged.py", line 39, in send
    await super().send(
  File "C:\Users\asus\Downloads\uploderclone\venv\Lib\site-packages\pyrogram\connection\transport\tcp\tcp.py", line 149, in send
    raise OSError(e)
OSError: [WinError 1236] The network connection was aborted by the local system
[12-Nov-25 02:11:29 PM - WARNING] - write() - Line 352: asyncio - socket.send() raised exception.
[12-Nov-25 02:11:29 PM - WARNING] - write() - Line 352: asyncio - socket.send() raised exception.
[12-Nov-25 02:11:37 PM - WARNING] - write() - Line 352: asyncio - socket.send() raised exception.
[12-Nov-25 02:11:37 PM - ERROR] - worker() - Line 111: pyrogram.methods.advanced.save_file - [WinError 1236] The network connection was aborted by the local system
Traceback (most recent call last):
  File "C:\Users\asus\Downloads\uploderclone\venv\Lib\site-packages\pyrogram\methods\advanced\save_file.py", line 109, in worker
    await session.invoke(data)
  File "C:\Users\asus\Downloads\uploderclone\venv\Lib\site-packages\pyrogram\session\session.py", line 443, in invoke
    return await self.invoke(query, retries - 1, timeout)
           ^^^^^^^^^^^^^^^^^^^^^^^^^^^^^^^^^^^^^^^^^^^^^^
  File "C:\Users\asus\Downloads\uploderclone\venv\Lib\site-packages\pyrogram\session\session.py", line 443, in invoke
    return await self.invoke(query, retries - 1, timeout)
           ^^^^^^^^^^^^^^^^^^^^^^^^^^^^^^^^^^^^^^^^^^^^^^
  File "C:\Users\asus\Downloads\uploderclone\venv\Lib\site-packages\pyrogram\session\session.py", line 443, in invoke
    return await self.invoke(query, retries - 1, timeout)
           ^^^^^^^^^^^^^^^^^^^^^^^^^^^^^^^^^^^^^^^^^^^^^^
  [Previous line repeated 7 more times]
  File "C:\Users\asus\Downloads\uploderclone\venv\Lib\site-packages\pyrogram\session\session.py", line 433, in invoke
    raise e from None
  File "C:\Users\asus\Downloads\uploderclone\venv\Lib\site-packages\pyrogram\session\session.py", line 420, in invoke
    return await self.send(query, timeout=timeout)
           ^^^^^^^^^^^^^^^^^^^^^^^^^^^^^^^^^^^^^^^
  File "C:\Users\asus\Downloads\uploderclone\venv\Lib\site-packages\pyrogram\session\session.py", line 360, in send
    raise e
  File "C:\Users\asus\Downloads\uploderclone\venv\Lib\site-packages\pyrogram\session\session.py", line 357, in send
    await self.connection.send(payload)
  File "C:\Users\asus\Downloads\uploderclone\venv\Lib\site-packages\pyrogram\connection\connection.py", line 81, in send
    await self.protocol.send(data)
  File "C:\Users\asus\Downloads\uploderclone\venv\Lib\site-packages\pyrogram\connection\transport\tcp\tcp_abridged.py", line 39, in send
    await super().send(
  File "C:\Users\asus\Downloads\uploderclone\venv\Lib\site-packages\pyrogram\connection\transport\tcp\tcp.py", line 149, in send
    raise OSError(e)
OSError: [WinError 1236] The network connection was aborted by the local system
[12-Nov-25 02:11:37 PM - WARNING] - write() - Line 352: asyncio - socket.send() raised exception.
[12-Nov-25 02:11:44 PM - WARNING] - write() - Line 352: asyncio - socket.send() raised exception.
[12-Nov-25 02:11:44 PM - ERROR] - worker() - Line 111: pyrogram.methods.advanced.save_file - [WinError 1236] The network connection was aborted by the local system
Traceback (most recent call last):
  File "C:\Users\asus\Downloads\uploderclone\venv\Lib\site-packages\pyrogram\methods\advanced\save_file.py", line 109, in worker
    await session.invoke(data)
  File "C:\Users\asus\Downloads\uploderclone\venv\Lib\site-packages\pyrogram\session\session.py", line 443, in invoke
    return await self.invoke(query, retries - 1, timeout)
           ^^^^^^^^^^^^^^^^^^^^^^^^^^^^^^^^^^^^^^^^^^^^^^
  File "C:\Users\asus\Downloads\uploderclone\venv\Lib\site-packages\pyrogram\session\session.py", line 443, in invoke
    return await self.invoke(query, retries - 1, timeout)
           ^^^^^^^^^^^^^^^^^^^^^^^^^^^^^^^^^^^^^^^^^^^^^^
  File "C:\Users\asus\Downloads\uploderclone\venv\Lib\site-packages\pyrogram\session\session.py", line 443, in invoke
    return await self.invoke(query, retries - 1, timeout)
           ^^^^^^^^^^^^^^^^^^^^^^^^^^^^^^^^^^^^^^^^^^^^^^
  [Previous line repeated 7 more times]
  File "C:\Users\asus\Downloads\uploderclone\venv\Lib\site-packages\pyrogram\session\session.py", line 433, in invoke
    raise e from None
  File "C:\Users\asus\Downloads\uploderclone\venv\Lib\site-packages\pyrogram\session\session.py", line 420, in invoke
    return await self.send(query, timeout=timeout)
           ^^^^^^^^^^^^^^^^^^^^^^^^^^^^^^^^^^^^^^^
  File "C:\Users\asus\Downloads\uploderclone\venv\Lib\site-packages\pyrogram\session\session.py", line 360, in send
    raise e
  File "C:\Users\asus\Downloads\uploderclone\venv\Lib\site-packages\pyrogram\session\session.py", line 357, in send
    await self.connection.send(payload)
  File "C:\Users\asus\Downloads\uploderclone\venv\Lib\site-packages\pyrogram\connection\connection.py", line 81, in send
    await self.protocol.send(data)
  File "C:\Users\asus\Downloads\uploderclone\venv\Lib\site-packages\pyrogram\connection\transport\tcp\tcp_abridged.py", line 39, in send
    await super().send(
  File "C:\Users\asus\Downloads\uploderclone\venv\Lib\site-packages\pyrogram\connection\transport\tcp\tcp.py", line 149, in send
    raise OSError(e)
OSError: [WinError 1236] The network connection was aborted by the local system
[12-Nov-25 02:11:44 PM - WARNING] - write() - Line 352: asyncio - socket.send() raised exception.
[12-Nov-25 02:11:44 PM - ERROR] - worker() - Line 111: pyrogram.methods.advanced.save_file - [WinError 1236] The network connection was aborted by the local system
Traceback (most recent call last):
  File "C:\Users\asus\Downloads\uploderclone\venv\Lib\site-packages\pyrogram\methods\advanced\save_file.py", line 109, in worker
    await session.invoke(data)
  File "C:\Users\asus\Downloads\uploderclone\venv\Lib\site-packages\pyrogram\session\session.py", line 443, in invoke
    return await self.invoke(query, retries - 1, timeout)
           ^^^^^^^^^^^^^^^^^^^^^^^^^^^^^^^^^^^^^^^^^^^^^^
  File "C:\Users\asus\Downloads\uploderclone\venv\Lib\site-packages\pyrogram\session\session.py", line 443, in invoke
    return await self.invoke(query, retries - 1, timeout)
           ^^^^^^^^^^^^^^^^^^^^^^^^^^^^^^^^^^^^^^^^^^^^^^
  File "C:\Users\asus\Downloads\uploderclone\venv\Lib\site-packages\pyrogram\session\session.py", line 443, in invoke
    return await self.invoke(query, retries - 1, timeout)
           ^^^^^^^^^^^^^^^^^^^^^^^^^^^^^^^^^^^^^^^^^^^^^^
  [Previous line repeated 7 more times]
  File "C:\Users\asus\Downloads\uploderclone\venv\Lib\site-packages\pyrogram\session\session.py", line 433, in invoke
    raise e from None
  File "C:\Users\asus\Downloads\uploderclone\venv\Lib\site-packages\pyrogram\session\session.py", line 420, in invoke
    return await self.send(query, timeout=timeout)
           ^^^^^^^^^^^^^^^^^^^^^^^^^^^^^^^^^^^^^^^
  File "C:\Users\asus\Downloads\uploderclone\venv\Lib\site-packages\pyrogram\session\session.py", line 360, in send
    raise e
  File "C:\Users\asus\Downloads\uploderclone\venv\Lib\site-packages\pyrogram\session\session.py", line 357, in send
    await self.connection.send(payload)
  File "C:\Users\asus\Downloads\uploderclone\venv\Lib\site-packages\pyrogram\connection\connection.py", line 81, in send
    await self.protocol.send(data)
  File "C:\Users\asus\Downloads\uploderclone\venv\Lib\site-packages\pyrogram\connection\transport\tcp\tcp_abridged.py", line 39, in send
    await super().send(
  File "C:\Users\asus\Downloads\uploderclone\venv\Lib\site-packages\pyrogram\connection\transport\tcp\tcp.py", line 149, in send
    raise OSError(e)
OSError: [WinError 1236] The network connection was aborted by the local system
[12-Nov-25 02:11:52 PM - WARNING] - write() - Line 352: asyncio - socket.send() raised exception.
[12-Nov-25 02:11:53 PM - WARNING] - write() - Line 352: asyncio - socket.send() raised exception.
[12-Nov-25 02:11:59 PM - WARNING] - write() - Line 352: asyncio - socket.send() raised exception.
[12-Nov-25 02:11:59 PM - WARNING] - write() - Line 352: asyncio - socket.send() raised exception.
[12-Nov-25 02:12:08 PM - WARNING] - write() - Line 352: asyncio - socket.send() raised exception.
[12-Nov-25 02:12:08 PM - WARNING] - write() - Line 352: asyncio - socket.send() raised exception.
[12-Nov-25 02:12:15 PM - WARNING] - write() - Line 352: asyncio - socket.send() raised exception.
[12-Nov-25 02:12:15 PM - WARNING] - write() - Line 352: asyncio - socket.send() raised exception.
[12-Nov-25 02:12:23 PM - WARNING] - write() - Line 352: asyncio - socket.send() raised exception.
[12-Nov-25 02:12:24 PM - WARNING] - write() - Line 352: asyncio - socket.send() raised exception.
[12-Nov-25 02:12:30 PM - WARNING] - write() - Line 352: asyncio - socket.send() raised exception.
[12-Nov-25 02:12:30 PM - WARNING] - write() - Line 352: asyncio - socket.send() raised exception.
[12-Nov-25 02:12:39 PM - WARNING] - write() - Line 352: asyncio - socket.send() raised exception.
[12-Nov-25 02:12:39 PM - WARNING] - write() - Line 352: asyncio - socket.send() raised exception.
[12-Nov-25 02:12:46 PM - WARNING] - write() - Line 352: asyncio - socket.send() raised exception.
[12-Nov-25 02:12:46 PM - WARNING] - write() - Line 352: asyncio - socket.send() raised exception.
[12-Nov-25 02:12:54 PM - WARNING] - write() - Line 352: asyncio - socket.send() raised exception.
[12-Nov-25 02:12:55 PM - WARNING] - write() - Line 352: asyncio - socket.send() raised exception.
[12-Nov-25 02:13:01 PM - WARNING] - write() - Line 352: asyncio - socket.send() raised exception.
[12-Nov-25 02:13:01 PM - WARNING] - write() - Line 352: asyncio - socket.send() raised exception.
[12-Nov-25 02:13:10 PM - WARNING] - write() - Line 352: asyncio - socket.send() raised exception.
[12-Nov-25 02:13:10 PM - WARNING] - write() - Line 352: asyncio - socket.send() raised exception.
[12-Nov-25 02:13:17 PM - WARNING] - write() - Line 352: asyncio - socket.send() raised exception.
[12-Nov-25 02:13:17 PM - WARNING] - write() - Line 352: asyncio - socket.send() raised exception.
[12-Nov-25 02:13:25 PM - WARNING] - write() - Line 352: asyncio - socket.send() raised exception.
[12-Nov-25 02:13:26 PM - WARNING] - write() - Line 352: asyncio - socket.send() raised exception.
[12-Nov-25 02:13:32 PM - WARNING] - write() - Line 352: asyncio - socket.send() raised exception.
[12-Nov-25 02:13:33 PM - WARNING] - write() - Line 352: asyncio - socket.send() raised exception.
[12-Nov-25 02:13:41 PM - WARNING] - write() - Line 352: asyncio - socket.send() raised exception.
[12-Nov-25 02:13:41 PM - WARNING] - write() - Line 352: asyncio - socket.send() raised exception.
[12-Nov-25 02:13:48 PM - WARNING] - write() - Line 352: asyncio - socket.send() raised exception.
[12-Nov-25 02:13:48 PM - WARNING] - write() - Line 352: asyncio - socket.send() raised exception.
[12-Nov-25 02:13:56 PM - WARNING] - write() - Line 352: asyncio - socket.send() raised exception.
[12-Nov-25 02:13:57 PM - WARNING] - write() - Line 352: asyncio - socket.send() raised exception.
